0 info it worked if it ends with ok
1 verbose cli [ 'C:\\Program Files\\nodejs\\node.exe',
1 verbose cli   'C:\\Users\\dell\\AppData\\Roaming\\npm\\node_modules\\cnpm\\node_modules\\npm\\bin\\npm-cli.js',
1 verbose cli   '--userconfig=C:\\Users\\dell\\.cnpmrc',
1 verbose cli   '--disturl=https://npm.taobao.org/mirrors/node',
1 verbose cli   '--registry=https://registry.npm.taobao.org',
1 verbose cli   'publish' ]
2 info using npm@3.10.10
3 info using node@v8.1.2
4 verbose publish [ '.' ]
5 silly cache add args [ '.', null ]
6 verbose cache add spec .
7 silly cache add parsed spec Result {
7 silly cache add   raw: '.',
7 silly cache add   scope: null,
7 silly cache add   escapedName: null,
7 silly cache add   name: null,
7 silly cache add   rawSpec: '.',
7 silly cache add   spec: 'E:\\project\\study\\abs-url',
7 silly cache add   type: 'directory' }
8 verbose addLocalDirectory C:\Users\dell\AppData\Roaming\npm-cache\abs-url\1.0.0\package.tgz not in flight; packing
9 verbose correctMkdir C:\Users\dell\AppData\Roaming\npm-cache correctMkdir not in flight; initializing
10 info lifecycle abs-url@1.0.0~prepublish: abs-url@1.0.0
11 silly lifecycle abs-url@1.0.0~prepublish: no script for prepublish, continuing
12 verbose tar pack [ 'C:\\Users\\dell\\AppData\\Roaming\\npm-cache\\abs-url\\1.0.0\\package.tgz',
12 verbose tar pack   'E:\\project\\study\\abs-url' ]
13 verbose tarball C:\Users\dell\AppData\Roaming\npm-cache\abs-url\1.0.0\package.tgz
14 verbose folder E:\project\study\abs-url
15 verbose addLocalTarball adding from inside cache C:\Users\dell\AppData\Roaming\npm-cache\abs-url\1.0.0\package.tgz
16 verbose correctMkdir C:\Users\dell\AppData\Roaming\npm-cache correctMkdir not in flight; initializing
17 silly cache afterAdd abs-url@1.0.0
18 verbose afterAdd C:\Users\dell\AppData\Roaming\npm-cache\abs-url\1.0.0\package\package.json not in flight; writing
19 verbose correctMkdir C:\Users\dell\AppData\Roaming\npm-cache correctMkdir not in flight; initializing
20 verbose afterAdd C:\Users\dell\AppData\Roaming\npm-cache\abs-url\1.0.0\package\package.json written
21 silly publish { name: 'abs-url',
21 silly publish   version: '1.0.0',
21 silly publish   description: 'relative to absolute url',
21 silly publish   main: 'main.js',
21 silly publish   scripts: { test: 'echo "Error: no test specified" && exit 1' },
21 silly publish   repository:
21 silly publish    { type: 'git',
21 silly publish      url: 'git+https://github.com/denghao123/abs-url.git' },
21 silly publish   author: { name: 'DH' },
21 silly publish   license: 'ISC',
21 silly publish   bugs: { url: 'https://github.com/denghao123/abs-url/issues' },
21 silly publish   homepage: 'https://github.com/denghao123/abs-url#readme',
21 silly publish   readme: '# abs-url\r\nrelative to absolute url\r\n',
21 silly publish   readmeFilename: 'README.md',
21 silly publish   gitHead: 'e66315a123696ffdf803216860e5d61bdadd6550',
21 silly publish   _id: 'abs-url@1.0.0',
21 silly publish   _shasum: '2fa209b80fbd41bc3808d4d472e2c9ac27f8c04d',
21 silly publish   _from: '.' }
22 verbose getPublishConfig undefined
23 silly mapToRegistry name abs-url
24 silly mapToRegistry using default registry
25 silly mapToRegistry registry https://registry.npm.taobao.org/
26 silly mapToRegistry data Result {
26 silly mapToRegistry   raw: 'abs-url',
26 silly mapToRegistry   scope: null,
26 silly mapToRegistry   escapedName: 'abs-url',
26 silly mapToRegistry   name: 'abs-url',
26 silly mapToRegistry   rawSpec: '',
26 silly mapToRegistry   spec: 'latest',
26 silly mapToRegistry   type: 'tag' }
27 silly mapToRegistry uri https://registry.npm.taobao.org/abs-url
28 verbose publish registryBase https://registry.npm.taobao.org/
29 silly publish uploading C:\Users\dell\AppData\Roaming\npm-cache\abs-url\1.0.0\package.tgz
30 verbose stack Error: auth required for publishing
30 verbose stack     at CachingRegistryClient.publish (C:\Users\dell\AppData\Roaming\npm\node_modules\cnpm\node_modules\npm\node_modules\npm-registry-client\lib\publish.js:30:14)
30 verbose stack     at C:\Users\dell\AppData\Roaming\npm\node_modules\cnpm\node_modules\npm\lib\publish.js:138:14
30 verbose stack     at mapToRegistry (C:\Users\dell\AppData\Roaming\npm\node_modules\cnpm\node_modules\npm\lib\utils\map-to-registry.js:62:3)
30 verbose stack     at publish_ (C:\Users\dell\AppData\Roaming\npm\node_modules\cnpm\node_modules\npm\lib\publish.js:107:3)
30 verbose stack     at Array.<anonymous> (C:\Users\dell\AppData\Roaming\npm\node_modules\cnpm\node_modules\npm\node_modules\slide\lib\bind-actor.js:15:8)
30 verbose stack     at LOOP (C:\Users\dell\AppData\Roaming\npm\node_modules\cnpm\node_modules\npm\node_modules\slide\lib\chain.js:15:14)
30 verbose stack     at LOOP (C:\Users\dell\AppData\Roaming\npm\node_modules\cnpm\node_modules\npm\node_modules\slide\lib\chain.js:14:28)
30 verbose stack     at chain (C:\Users\dell\AppData\Roaming\npm\node_modules\cnpm\node_modules\npm\node_modules\slide\lib\chain.js:20:5)
30 verbose stack     at C:\Users\dell\AppData\Roaming\npm\node_modules\cnpm\node_modules\npm\lib\publish.js:73:5
30 verbose stack     at RES (C:\Users\dell\AppData\Roaming\npm\node_modules\cnpm\node_modules\npm\node_modules\inflight\inflight.js:23:14)
31 verbose cwd E:\project\study\abs-url
32 error Windows_NT 6.1.7601
33 error argv "C:\\Program Files\\nodejs\\node.exe" "C:\\Users\\dell\\AppData\\Roaming\\npm\\node_modules\\cnpm\\node_modules\\npm\\bin\\npm-cli.js" "--userconfig=C:\\Users\\dell\\.cnpmrc" "--disturl=https://npm.taobao.org/mirrors/node" "--registry=https://registry.npm.taobao.org" "publish"
34 error node v8.1.2
35 error npm  v3.10.10
36 error code ENEEDAUTH
37 error need auth auth required for publishing
38 error need auth You need to authorize this machine using `npm adduser`
39 verbose exit [ 1, true ]
